GROUP,PACKAGE,CLASS,INSTRUCTION_MISSED,INSTRUCTION_COVERED,BRANCH_MISSED,BRANCH_COVERED,LINE_MISSED,LINE_COVERED,COMPLEXITY_MISSED,COMPLEXITY_COVERED,METHOD_MISSED,METHOD_COVERED
ms-pedidos,com.smartlogix.pedidos.dto,OrderRequestDTO,0,31,0,0,0,9,0,9,0,9
ms-pedidos,com.smartlogix.pedidos,PedidosApplication,5,3,0,0,2,1,1,1,1,1
ms-pedidos,com.smartlogix.pedidos.controller,OrderController,25,11,0,0,5,4,4,2,4,2
ms-pedidos,com.smartlogix.pedidos.client,InventoryClient,46,0,0,0,11,0,2,0,2,0
ms-pedidos,com.smartlogix.pedidos.config,JpaAuditingConfig,3,0,0,0,1,0,1,0,1,0
ms-pedidos,com.smartlogix.pedidos.service,OrderService,30,116,7,9,7,26,8,7,2,5
ms-pedidos,com.smartlogix.pedidos.entity,Order,0,51,0,0,0,15,0,15,0,15
